<?xml version="1.0" encoding="UTF-8" ?>
<testsuite tests="4" failures="0" name="test.CollectServletTest" time="0.003" errors="0" skipped="0">
  <properties>
    <property name="idea.version" value="2021.3.2"/>
    <property name="java.runtime.name" value="OpenJDK Runtime Environment"/>
    <property name="sun.boot.library.path" value="D:\environment\jdk1.8\jre\bin"/>
    <property name="java.vm.version" value="25.362-b08"/>
    <property name="java.vm.vendor" value="Amazon.com Inc."/>
    <property name="maven.multiModuleProjectDirectory" value="D:\java\protect\article2.0"/>
    <property name="java.vendor.url" value="https://aws.amazon.com/corretto/"/>
    <property name="path.separator" value=";"/>
    <property name="guice.disable.misplaced.annotation.check" value="true"/>
    <property name="java.vm.name" value="OpenJDK 64-Bit Server VM"/>
    <property name="file.encoding.pkg" value="sun.io"/>
    <property name="user.script" value=""/>
    <property name="user.country" value="CN"/>
    <property name="sun.java.launcher" value="SUN_STANDARD"/>
    <property name="sun.os.patch.level" value=""/>
    <property name="java.vm.specification.name" value="Java Virtual Machine Specification"/>
    <property name="user.dir" value="D:\java\protect\article2.0"/>
    <property name="java.runtime.version" value="1.8.0_362-b08"/>
    <property name="java.awt.graphicsenv" value="sun.awt.Win32GraphicsEnvironment"/>
    <property name="java.endorsed.dirs" value="D:\environment\jdk1.8\jre\lib\endorsed"/>
    <property name="os.arch" value="amd64"/>
    <property name="java.io.tmpdir" value="C:\Users\木托\AppData\Local\Temp\"/>
    <property name="line.separator" value="
"/>
    <property name="java.vm.specification.vendor" value="Oracle Corporation"/>
    <property name="user.variant" value=""/>
    <property name="os.name" value="Windows 11"/>
    <property name="maven.ext.class.path" value="D:\app\IntelliJ IDEA 2021.3.2\plugins\maven\lib\maven-event-listener.jar"/>
    <property name="classworlds.conf" value="D:\software\apache-maven-3.6.1\bin\m2.conf"/>
    <property name="sun.jnu.encoding" value="GBK"/>
    <property name="java.library.path" value="D:\environment\jdk1.8\bin;C:\WINDOWS\Sun\Java\bin;C:\WINDOWS\system32;C:\WINDOWS;D:\environment\jdk17\\bin;C:\Program Files\Common Files\Oracle\Java\javapath;C:\Program Files (x86)\Common Files\Oracle\Java\javapath;C:\WINDOWS\system32;C:\WINDOWS;C:\WINDOWS\System32\Wbem;C:\WINDOWS\System32\WindowsPowerShell\v1.0\;C:\WINDOWS\System32\OpenSSH\;C:\mingw64\bin;C:\Program Files (x86)\dotnet\;D:\software\apache-maven-3.6.1\bin;C:\Program Files\dotnet\;D:\app\nodejs\;C:\Users\木托\AppData\Local\Microsoft\WindowsApps;D:\environment\jdk17\\bin;D:\mysql\mysql-5.7.41-winx64\bin;D:\app\Microsoft VS Code\bin;C:\Users\木托\AppData\Roaming\npm;."/>
    <property name="maven.conf" value="D:\software\apache-maven-3.6.1/conf"/>
    <property name="java.specification.name" value="Java Platform API Specification"/>
    <property name="java.class.version" value="52.0"/>
    <property name="sun.management.compiler" value="HotSpot 64-Bit Tiered Compilers"/>
    <property name="os.version" value="10.0"/>
    <property name="user.home" value="C:\Users\木托"/>
    <property name="user.timezone" value="Asia/Shanghai"/>
    <property name="java.awt.printerjob" value="sun.awt.windows.WPrinterJob"/>
    <property name="java.specification.version" value="1.8"/>
    <property name="file.encoding" value="UTF-8"/>
    <property name="user.name" value="木托"/>
    <property name="java.class.path" value="D:\software\apache-maven-3.6.1\boot\plexus-classworlds-2.6.0.jar;D:\app\IntelliJ IDEA 2021.3.2\lib\idea_rt.jar"/>
    <property name="java.vm.specification.version" value="1.8"/>
    <property name="sun.arch.data.model" value="64"/>
    <property name="java.home" value="D:\environment\jdk1.8\jre"/>
    <property name="sun.java.command" value="org.codehaus.classworlds.Launcher -Didea.version=2021.3.2 -s D:\software\apache-maven-3.6.1\conf\settings.xml test"/>
    <property name="java.specification.vendor" value="Oracle Corporation"/>
    <property name="user.language" value="zh"/>
    <property name="awt.toolkit" value="sun.awt.windows.WToolkit"/>
    <property name="java.vm.info" value="mixed mode"/>
    <property name="java.version" value="1.8.0_362"/>
    <property name="java.ext.dirs" value="D:\environment\jdk1.8\jre\lib\ext;C:\WINDOWS\Sun\Java\lib\ext"/>
    <property name="sun.boot.class.path" value="D:\environment\jdk1.8\jre\lib\resources.jar;D:\environment\jdk1.8\jre\lib\rt.jar;D:\environment\jdk1.8\jre\lib\sunrsasign.jar;D:\environment\jdk1.8\jre\lib\jsse.jar;D:\environment\jdk1.8\jre\lib\jce.jar;D:\environment\jdk1.8\jre\lib\charsets.jar;D:\environment\jdk1.8\jre\lib\jfr.jar;D:\environment\jdk1.8\jre\classes"/>
    <property name="java.vendor" value="Amazon.com Inc."/>
    <property name="java.specification.maintenance.version" value="4"/>
    <property name="maven.home" value="D:\software\apache-maven-3.6.1"/>
    <property name="file.separator" value="\"/>
    <property name="java.vendor.url.bug" value="https://github.com/corretto/corretto-8/issues/"/>
    <property name="sun.cpu.endian" value="little"/>
    <property name="sun.io.unicode.encoding" value="UnicodeLittle"/>
    <property name="sun.desktop" value="windows"/>
    <property name="sun.cpu.isalist" value="amd64"/>
  </properties>
  <testcase classname="test.CollectServletTest" name="addCollect" time="0.001"/>
  <testcase classname="test.CollectServletTest" name="doGet" time="0"/>
  <testcase classname="test.CollectServletTest" name="queryAllById" time="0"/>
  <testcase classname="test.CollectServletTest" name="deleteCollectById" time="0.002"/>
</testsuite>